🪙 DTVM SimpleToken Contract Test
=================================
=== Loading SimpleToken WASM Module ===
✓ SimpleToken WASM file loaded: 35553 bytes
=== Creating Shared EVM Storage ===
✓ Shared storage created.
🔧 创建合约执行器...
✓ 创建了 42 个EVM主机函数
✓ EVM主机模块注册成功
=== Testing SimpleToken Contract Functions ===
👤 Owner address: 0x0000000000000000000000000000000000000001
👤 Recipient address: 0x0000000000000000000000000000000000000002
👤 Spender address: 0x0000000000000000000000000000000000000003
--- Test 1: Deploy SimpleToken Contract ---
Setting call data: length=32, data=00000000000000000000000000000000000000000000000000000000000f4240
✓ WASM文件加载完成: 35553 字节
✓ WASM模块加载成功
[2025-08-08T02:39:11Z INFO  dtvmcore_rust::evm::host_functions::account] [HOST] get_call_value called: result_offset=65472
[HOST] Wrote 32 bytes to offset 0xffc0
[2025-08-08T02:39:11Z INFO  dtvmcore_rust::evm::host_functions::account] [HOST] get_call_value completed: value written to offset 65472
[EVM] get_call_value succeeded
[2025-08-08T02:39:11Z INFO  dtvmcore_rust::evm::host_functions::code] [HOST] get_code_size called, returning: 35553
[EVM] get_code_size returned: 35553
[2025-08-08T02:39:11Z INFO  dtvmcore_rust::evm::host_functions::code] [HOST] get_code_size called, returning: 35553
[EVM] get_code_size returned: 35553
[2025-08-08T02:39:11Z INFO  dtvmcore_rust::evm::host_functions::transaction] [HOST] get_call_data_size called, returning: 32
[EVM] get_call_data_size returned: 32
[2025-08-08T02:39:11Z INFO  dtvmcore_rust::evm::host_functions::code] [HOST] get_code_size called, returning: 35553
[EVM] get_code_size returned: 35553
[2025-08-08T02:39:11Z INFO  dtvmcore_rust::evm::host_functions::transaction] [HOST] call_data_copy called: result_offset=66208, data_offset=0, length=32
[HOST] Wrote 32 bytes to offset 0x102a0
[2025-08-08T02:39:11Z INFO  dtvmcore_rust::evm::host_functions::transaction] [HOST] call_data_copy completed: wrote 32 bytes to memory (copied 32 bytes from call data, 0 bytes zero-filled)
[EVM] call_data_copy succeeded
[2025-08-08T02:39:11Z INFO  dtvmcore_rust::evm::host_functions::storage] [HOST] storage_load called: key_offset=64960, result_offset=64928
Storage load: key=0x0000000000000000000000000000000000000000000000000000000000000000 (normalized: 0x0000000000000000000000000000000000000000000000000000000000000000), value=<zero>
[2025-08-08T02:39:11Z INFO  dtvmcore_rust::evm::host_functions::storage] [HOST]     📤 Loaded value: 0x0000000000000000000000000000000000000000000000000000000000000000
[HOST] Wrote 32 bytes to offset 0xfda0
[2025-08-08T02:39:11Z INFO  dtvmcore_rust::evm::host_functions::storage] [HOST] Storage load completed: key=0x0000000000000000000000000000000000000000000000000000000000000000, value_len=32
[EVM] storage_load succeeded
[2025-08-08T02:39:11Z INFO  dtvmcore_rust::evm::host_functions::storage] [HOST] storage_store called: key_offset=64832, value_offset=64768
Storage store (bytes32): key=0x0000000000000000000000000000000000000000000000000000000000000000 (normalized: 0x0000000000000000000000000000000000000000000000000000000000000000), value=53696d706c65546f6b656e000000000000000000000000000000000000000016
[2025-08-08T02:39:11Z INFO  dtvmcore_rust::evm::host_functions::storage] [HOST]     📦 Stored value: 0x53696d706c65546f6b656e000000000000000000000000000000000000000016
[2025-08-08T02:39:11Z INFO  dtvmcore_rust::evm::host_functions::storage] [HOST] Storage store completed: key=0x0000000000000000000000000000000000000000000000000000000000000000, value_len=32
[EVM] storage_store succeeded
[2025-08-08T02:39:11Z INFO  dtvmcore_rust::evm::host_functions::storage] [HOST] storage_load called: key_offset=64960, result_offset=64928
Storage load: key=0x0000000000000000000000000000000000000000000000000000000000000001 (normalized: 0x0000000000000000000000000000000000000000000000000000000000000001), value=<zero>
[2025-08-08T02:39:11Z INFO  dtvmcore_rust::evm::host_functions::storage] [HOST]     📤 Loaded value: 0x0000000000000000000000000000000000000000000000000000000000000000
[HOST] Wrote 32 bytes to offset 0xfda0
[2025-08-08T02:39:11Z INFO  dtvmcore_rust::evm::host_functions::storage] [HOST] Storage load completed: key=0x0000000000000000000000000000000000000000000000000000000000000001, value_len=32
[EVM] storage_load succeeded
[2025-08-08T02:39:11Z INFO  dtvmcore_rust::evm::host_functions::storage] [HOST] storage_store called: key_offset=64832, value_offset=64768
Storage store (bytes32): key=0x0000000000000000000000000000000000000000000000000000000000000001 (normalized: 0x0000000000000000000000000000000000000000000000000000000000000001), value=53544b0000000000000000000000000000000000000000000000000000000006
[2025-08-08T02:39:11Z INFO  dtvmcore_rust::evm::host_functions::storage] [HOST]     📦 Stored value: 0x53544b0000000000000000000000000000000000000000000000000000000006
[2025-08-08T02:39:11Z INFO  dtvmcore_rust::evm::host_functions::storage] [HOST] Storage store completed: key=0x0000000000000000000000000000000000000000000000000000000000000001, value_len=32
[EVM] storage_store succeeded
[2025-08-08T02:39:11Z INFO  dtvmcore_rust::evm::host_functions::storage] [HOST] storage_load called: key_offset=65120, result_offset=65088
Storage load: key=0x0000000000000000000000000000000000000000000000000000000000000002 (normalized: 0x0000000000000000000000000000000000000000000000000000000000000002), value=<zero>
[2025-08-08T02:39:11Z INFO  dtvmcore_rust::evm::host_functions::storage] [HOST]     📤 Loaded value: 0x0000000000000000000000000000000000000000000000000000000000000000
[HOST] Wrote 32 bytes to offset 0xfe40
[2025-08-08T02:39:11Z INFO  dtvmcore_rust::evm::host_functions::storage] [HOST] Storage load completed: key=0x0000000000000000000000000000000000000000000000000000000000000002, value_len=32
[EVM] storage_load succeeded
[2025-08-08T02:39:11Z INFO  dtvmcore_rust::evm::host_functions::storage] [HOST] storage_store called: key_offset=65056, value_offset=65024
Storage store (bytes32): key=0x0000000000000000000000000000000000000000000000000000000000000002 (normalized: 0x0000000000000000000000000000000000000000000000000000000000000002), value=0000000000000000000000000000000000000000000000000000000000000012
[2025-08-08T02:39:11Z INFO  dtvmcore_rust::evm::host_functions::storage] [HOST]     📦 Stored value: 0x0000000000000000000000000000000000000000000000000000000000000012
[2025-08-08T02:39:11Z INFO  dtvmcore_rust::evm::host_functions::storage] [HOST] Storage store completed: key=0x0000000000000000000000000000000000000000000000000000000000000002, value_len=32
[EVM] storage_store succeeded
[2025-08-08T02:39:11Z INFO  dtvmcore_rust::evm::host_functions::storage] [HOST] storage_load called: key_offset=65248, result_offset=65216
Storage load: key=0x0000000000000000000000000000000000000000000000000000000000000003 (normalized: 0x0000000000000000000000000000000000000000000000000000000000000003), value=<zero>
[2025-08-08T02:39:11Z INFO  dtvmcore_rust::evm::host_functions::storage] [HOST]     📤 Loaded value: 0x0000000000000000000000000000000000000000000000000000000000000000
[HOST] Wrote 32 bytes to offset 0xfec0
[2025-08-08T02:39:11Z INFO  dtvmcore_rust::evm::host_functions::storage] [HOST] Storage load completed: key=0x0000000000000000000000000000000000000000000000000000000000000003, value_len=32
[EVM] storage_load succeeded
[2025-08-08T02:39:11Z INFO  dtvmcore_rust::evm::host_functions::storage] [HOST] storage_store called: key_offset=65184, value_offset=65152
Storage store (bytes32): key=0x0000000000000000000000000000000000000000000000000000000000000003 (normalized: 0x0000000000000000000000000000000000000000000000000000000000000003), value=00000000000000000000000000000000000000000000000000000000000f4240
[2025-08-08T02:39:11Z INFO  dtvmcore_rust::evm::host_functions::storage] [HOST]     📦 Stored value: 0x00000000000000000000000000000000000000000000000000000000000f4240
[2025-08-08T02:39:11Z INFO  dtvmcore_rust::evm::host_functions::storage] [HOST] Storage store completed: key=0x0000000000000000000000000000000000000000000000000000000000000003, value_len=32
[EVM] storage_store succeeded
[2025-08-08T02:39:11Z INFO  dtvmcore_rust::evm::host_functions::account] [HOST] get_caller called: result_offset=65004
[HOST] Wrote 20 bytes to offset 0xfdec
[2025-08-08T02:39:11Z INFO  dtvmcore_rust::evm::host_functions::account] [HOST] get_caller completed: address written to offset 65004
[EVM] get_caller succeeded
[2025-08-08T02:39:11Z INFO  dtvmcore_rust::evm::host_functions::crypto] [HOST] keccak256 called: input_offset=131072, input_length=64, result_offset=65056
[2025-08-08T02:39:11Z INFO  dtvmcore_rust::evm::host_functions::crypto] [HOST] keccak256 input data: 0x00000000000000000000000004000000000000000000000000000000000000000000000000000000000000000000000000000000000000000000000000000004
[2025-08-08T02:39:11Z INFO  dtvmcore_rust::evm::host_functions::crypto] [HOST] keccak256 result: 0xc16347ff048a259c108a5c1da4cd547bc6d7111fb799427b796b8ffaaa704ff9
[HOST] Wrote 32 bytes to offset 0xfe20
[2025-08-08T02:39:11Z INFO  dtvmcore_rust::evm::host_functions::crypto] [HOST] keccak256 completed: processed 64 bytes, hash written to offset 65056
[EVM] keccak256 succeeded
[2025-08-08T02:39:11Z INFO  dtvmcore_rust::evm::host_functions::storage] [HOST] storage_load called: key_offset=65248, result_offset=65216
Storage load: key=0xc16347ff048a259c108a5c1da4cd547bc6d7111fb799427b796b8ffaaa704ff9 (normalized: 0xc16347ff048a259c108a5c1da4cd547bc6d7111fb799427b796b8ffaaa704ff9), value=<zero>
[2025-08-08T02:39:11Z INFO  dtvmcore_rust::evm::host_functions::storage] [HOST]     📤 Loaded value: 0x0000000000000000000000000000000000000000000000000000000000000000
[HOST] Wrote 32 bytes to offset 0xfec0
[2025-08-08T02:39:11Z INFO  dtvmcore_rust::evm::host_functions::storage] [HOST] Storage load completed: key=0xc16347ff048a259c108a5c1da4cd547bc6d7111fb799427b796b8ffaaa704ff9, value_len=32
[EVM] storage_load succeeded
[2025-08-08T02:39:11Z INFO  dtvmcore_rust::evm::host_functions::storage] [HOST] storage_store called: key_offset=65184, value_offset=65152
Storage store (bytes32): key=0xc16347ff048a259c108a5c1da4cd547bc6d7111fb799427b796b8ffaaa704ff9 (normalized: 0xc16347ff048a259c108a5c1da4cd547bc6d7111fb799427b796b8ffaaa704ff9), value=00000000000000000000000000000000000000000000000000000000000f4240
[2025-08-08T02:39:11Z INFO  dtvmcore_rust::evm::host_functions::storage] [HOST]     📦 Stored value: 0x00000000000000000000000000000000000000000000000000000000000f4240
[2025-08-08T02:39:11Z INFO  dtvmcore_rust::evm::host_functions::storage] [HOST] Storage store completed: key=0xc16347ff048a259c108a5c1da4cd547bc6d7111fb799427b796b8ffaaa704ff9, value_len=32
[EVM] storage_store succeeded
[2025-08-08T02:39:11Z INFO  dtvmcore_rust::evm::host_functions::account] [HOST] get_caller called: result_offset=64972
[HOST] Wrote 20 bytes to offset 0xfdcc
[2025-08-08T02:39:11Z INFO  dtvmcore_rust::evm::host_functions::account] [HOST] get_caller completed: address written to offset 64972
[EVM] get_caller succeeded
[2025-08-08T02:39:11Z INFO  dtvmcore_rust::evm::host_functions::log] [HOST] emit_log_event called: data_offset=131200, length=32, num_topics=3, topics=[66160, 64896, 64832, 0]
Emitted event #1: contract=0x0500000000000000000000000000000000000000, topics=3, data_len=32
[2025-08-08T02:39:11Z INFO  dtvmcore_rust::evm::host_functions::log] [HOST] === LOG EVENT EMITTED ===
[2025-08-08T02:39:11Z INFO  dtvmcore_rust::evm::host_functions::log] [HOST] Contract Address: 0x0500000000000000000000000000000000000000
[2025-08-08T02:39:11Z INFO  dtvmcore_rust::evm::host_functions::log] [HOST] Data (32 bytes): 0x00000000000000000000000000000000000000000000000000000000000f4240
[2025-08-08T02:39:11Z INFO  dtvmcore_rust::evm::host_functions::log] [HOST] Number of Topics: 3
[2025-08-08T02:39:11Z INFO  dtvmcore_rust::evm::host_functions::log] [HOST] Topic 1: 0xddf252ad1be2c89b69c2b068fc378daa952ba7f163c4a11628f55a4df523b3ef
[2025-08-08T02:39:11Z INFO  dtvmcore_rust::evm::host_functions::log] [HOST] Topic 2: 0x0000000000000000000000000000000000000000000000000000000000000000
[2025-08-08T02:39:11Z INFO  dtvmcore_rust::evm::host_functions::log] [HOST] Topic 3: 0x0000000000000000000000000400000000000000000000000000000000000000
[2025-08-08T02:39:11Z INFO  dtvmcore_rust::evm::host_functions::log] [HOST] ========================
[2025-08-08T02:39:11Z INFO  dtvmcore_rust::evm::host_functions::log] [HOST] emit_log_event completed: emitted log with 32 bytes of data and 3 topics, total events: 1
[EVM] emit_log_event succeeded
[2025-08-08T02:39:11Z INFO  dtvmcore_rust::evm::host_functions::control] [HOST] finish called: data_offset=131200, length=4
[2025-08-08T02:39:11Z INFO  dtvmcore_rust::evm::host_functions::control] [HOST] finish: execution completed successfully with 4 bytes of return data
Set return data: 4 bytes
[2025-08-08T02:39:11Z INFO  dtvmcore_rust::evm::host_functions::control] [HOST] finish: return data stored in context, hex: 0x00000000
[2025-08-08T02:39:11Z INFO  dtvmcore_rust::evm::host_functions::control] [HOST] finish: execution completed successfully, exiting with code 0
[EVM] finish succeeded
✓ SimpleToken.wasm 合约部署成功
✓ SimpleToken contract deployed successfully with initial supply: 1000000
--- Test 2: Get Token Name ---
Setting call data: length=4, data=06fdde03
   📋 Set call data with function selector: 0x06fdde03
[2025-08-08T02:39:11Z INFO  dtvmcore_rust::evm::host_functions::transaction] [HOST] get_call_data_size called, returning: 4
[EVM] get_call_data_size returned: 4
[2025-08-08T02:39:11Z INFO  dtvmcore_rust::evm::host_functions::transaction] [HOST] call_data_copy called: result_offset=66208, data_offset=0, length=4
[HOST] Wrote 4 bytes to offset 0x102a0
[2025-08-08T02:39:11Z INFO  dtvmcore_rust::evm::host_functions::transaction] [HOST] call_data_copy completed: wrote 4 bytes to memory (copied 4 bytes from call data, 0 bytes zero-filled)
[EVM] call_data_copy succeeded
[2025-08-08T02:39:11Z INFO  dtvmcore_rust::evm::host_functions::account] [HOST] get_call_value called: result_offset=65120
[HOST] Wrote 32 bytes to offset 0xfe60
[2025-08-08T02:39:11Z INFO  dtvmcore_rust::evm::host_functions::account] [HOST] get_call_value completed: value written to offset 65120
[EVM] get_call_value succeeded
[2025-08-08T02:39:11Z INFO  dtvmcore_rust::evm::host_functions::storage] [HOST] storage_load called: key_offset=64992, result_offset=64960
Storage load: key=0x0000000000000000000000000000000000000000000000000000000000000000 (normalized: 0x0000000000000000000000000000000000000000000000000000000000000000), value=53696d706c65546f6b656e000000000000000000000000000000000000000016
[2025-08-08T02:39:11Z INFO  dtvmcore_rust::evm::host_functions::storage] [HOST]     📤 Loaded value: 0x53696d706c65546f6b656e000000000000000000000000000000000000000016
[HOST] Wrote 32 bytes to offset 0xfdc0
[2025-08-08T02:39:11Z INFO  dtvmcore_rust::evm::host_functions::storage] [HOST] Storage load completed: key=0x0000000000000000000000000000000000000000000000000000000000000000, value_len=32
[EVM] storage_load succeeded
[2025-08-08T02:39:11Z INFO  dtvmcore_rust::evm::host_functions::control] [HOST] finish called: data_offset=131232, length=96
[2025-08-08T02:39:11Z INFO  dtvmcore_rust::evm::host_functions::control] [HOST] finish: execution completed successfully with 96 bytes of return data
Set return data: 96 bytes
[2025-08-08T02:39:11Z INFO  dtvmcore_rust::evm::host_functions::control] [HOST] finish: return data stored in context, hex: 0x0000000000000000000000000000000000000000000000000000000000000020000000000000000000000000000000000000000000000000000000000000000b53696d706c65546f6b656e000000000000000000000000000000000000000000
[2025-08-08T02:39:11Z INFO  dtvmcore_rust::evm::host_functions::control] [HOST] finish: execution completed successfully, exiting with code 0
[EVM] finish succeeded
✓ 函数执行成功
   ✅ 返回数据: 0000000000000000000000000000000000000000000000000000000000000020000000000000000000000000000000000000000000000000000000000000000b53696d706c65546f6b656e000000000000000000000000000000000000000000
✓ Name function executed successfully
   ✅ Return data: 0x0000000000000000000000000000000000000000000000000000000000000020000000000000000000000000000000000000000000000000000000000000000b53696d706c65546f6b656e000000000000000000000000000000000000000000
--- Test 3: Get Token Symbol ---
Setting call data: length=4, data=95d89b41
   📋 Set call data with function selector: 0x95d89b41
[2025-08-08T02:39:11Z INFO  dtvmcore_rust::evm::host_functions::transaction] [HOST] get_call_data_size called, returning: 4
[EVM] get_call_data_size returned: 4
[2025-08-08T02:39:11Z INFO  dtvmcore_rust::evm::host_functions::transaction] [HOST] call_data_copy called: result_offset=66208, data_offset=0, length=4
[HOST] Wrote 4 bytes to offset 0x102a0
[2025-08-08T02:39:11Z INFO  dtvmcore_rust::evm::host_functions::transaction] [HOST] call_data_copy completed: wrote 4 bytes to memory (copied 4 bytes from call data, 0 bytes zero-filled)
[EVM] call_data_copy succeeded
[2025-08-08T02:39:11Z INFO  dtvmcore_rust::evm::host_functions::account] [HOST] get_call_value called: result_offset=65120
[HOST] Wrote 32 bytes to offset 0xfe60
[2025-08-08T02:39:11Z INFO  dtvmcore_rust::evm::host_functions::account] [HOST] get_call_value completed: value written to offset 65120
[EVM] get_call_value succeeded
[2025-08-08T02:39:11Z INFO  dtvmcore_rust::evm::host_functions::storage] [HOST] storage_load called: key_offset=64992, result_offset=64960
Storage load: key=0x0000000000000000000000000000000000000000000000000000000000000001 (normalized: 0x0000000000000000000000000000000000000000000000000000000000000001), value=53544b0000000000000000000000000000000000000000000000000000000006
[2025-08-08T02:39:11Z INFO  dtvmcore_rust::evm::host_functions::storage] [HOST]     📤 Loaded value: 0x53544b0000000000000000000000000000000000000000000000000000000006
[HOST] Wrote 32 bytes to offset 0xfdc0
[2025-08-08T02:39:11Z INFO  dtvmcore_rust::evm::host_functions::storage] [HOST] Storage load completed: key=0x0000000000000000000000000000000000000000000000000000000000000001, value_len=32
[EVM] storage_load succeeded
[2025-08-08T02:39:11Z INFO  dtvmcore_rust::evm::host_functions::control] [HOST] finish called: data_offset=131232, length=96
[2025-08-08T02:39:11Z INFO  dtvmcore_rust::evm::host_functions::control] [HOST] finish: execution completed successfully with 96 bytes of return data
Set return data: 96 bytes
[2025-08-08T02:39:11Z INFO  dtvmcore_rust::evm::host_functions::control] [HOST] finish: return data stored in context, hex: 0x0000000000000000000000000000000000000000000000000000000000000020000000000000000000000000000000000000000000000000000000000000000353544b0000000000000000000000000000000000000000000000000000000000
[2025-08-08T02:39:11Z INFO  dtvmcore_rust::evm::host_functions::control] [HOST] finish: execution completed successfully, exiting with code 0
[EVM] finish succeeded
✓ 函数执行成功
   ✅ 返回数据: 0000000000000000000000000000000000000000000000000000000000000020000000000000000000000000000000000000000000000000000000000000000353544b0000000000000000000000000000000000000000000000000000000000
✓ Symbol function executed successfully
   ✅ Return data: 0x0000000000000000000000000000000000000000000000000000000000000020000000000000000000000000000000000000000000000000000000000000000353544b0000000000000000000000000000000000000000000000000000000000
--- Test 4: Get Token Decimals ---
Setting call data: length=4, data=313ce567
   📋 Set call data with function selector: 0x313ce567
[2025-08-08T02:39:11Z INFO  dtvmcore_rust::evm::host_functions::transaction] [HOST] get_call_data_size called, returning: 4
[EVM] get_call_data_size returned: 4
[2025-08-08T02:39:11Z INFO  dtvmcore_rust::evm::host_functions::transaction] [HOST] call_data_copy called: result_offset=66208, data_offset=0, length=4
[HOST] Wrote 4 bytes to offset 0x102a0
[2025-08-08T02:39:11Z INFO  dtvmcore_rust::evm::host_functions::transaction] [HOST] call_data_copy completed: wrote 4 bytes to memory (copied 4 bytes from call data, 0 bytes zero-filled)
[EVM] call_data_copy succeeded
[2025-08-08T02:39:11Z INFO  dtvmcore_rust::evm::host_functions::account] [HOST] get_call_value called: result_offset=65216
[HOST] Wrote 32 bytes to offset 0xfec0
[2025-08-08T02:39:11Z INFO  dtvmcore_rust::evm::host_functions::account] [HOST] get_call_value completed: value written to offset 65216
[EVM] get_call_value succeeded
[2025-08-08T02:39:11Z INFO  dtvmcore_rust::evm::host_functions::storage] [HOST] storage_load called: key_offset=65408, result_offset=65376
Storage load: key=0x0000000000000000000000000000000000000000000000000000000000000002 (normalized: 0x0000000000000000000000000000000000000000000000000000000000000002), value=0000000000000000000000000000000000000000000000000000000000000012
[2025-08-08T02:39:11Z INFO  dtvmcore_rust::evm::host_functions::storage] [HOST]     📤 Loaded value: 0x0000000000000000000000000000000000000000000000000000000000000012
[HOST] Wrote 32 bytes to offset 0xff60
[2025-08-08T02:39:11Z INFO  dtvmcore_rust::evm::host_functions::storage] [HOST] Storage load completed: key=0x0000000000000000000000000000000000000000000000000000000000000002, value_len=32
[EVM] storage_load succeeded
[2025-08-08T02:39:11Z INFO  dtvmcore_rust::evm::host_functions::control] [HOST] finish called: data_offset=131168, length=32
[2025-08-08T02:39:11Z INFO  dtvmcore_rust::evm::host_functions::control] [HOST] finish: execution completed successfully with 32 bytes of return data
Set return data: 32 bytes
[2025-08-08T02:39:11Z INFO  dtvmcore_rust::evm::host_functions::control] [HOST] finish: return data stored in context, hex: 0x0000000000000000000000000000000000000000000000000000000000000012
[2025-08-08T02:39:11Z INFO  dtvmcore_rust::evm::host_functions::control] [HOST] finish: execution completed successfully, exiting with code 0
[EVM] finish succeeded
✓ 函数执行成功
   ✅ 返回数据: 0000000000000000000000000000000000000000000000000000000000000012
✓ Decimals function executed successfully
   ✅ Return data: 0x0000000000000000000000000000000000000000000000000000000000000012 (decimals: 18)
--- Test 5: Get Total Supply ---
Setting call data: length=4, data=18160ddd
   📋 Set call data with function selector: 0x18160ddd
[2025-08-08T02:39:11Z INFO  dtvmcore_rust::evm::host_functions::transaction] [HOST] get_call_data_size called, returning: 4
[EVM] get_call_data_size returned: 4
[2025-08-08T02:39:11Z INFO  dtvmcore_rust::evm::host_functions::transaction] [HOST] call_data_copy called: result_offset=66208, data_offset=0, length=4
[HOST] Wrote 4 bytes to offset 0x102a0
[2025-08-08T02:39:11Z INFO  dtvmcore_rust::evm::host_functions::transaction] [HOST] call_data_copy completed: wrote 4 bytes to memory (copied 4 bytes from call data, 0 bytes zero-filled)
[EVM] call_data_copy succeeded
[2025-08-08T02:39:11Z INFO  dtvmcore_rust::evm::host_functions::account] [HOST] get_call_value called: result_offset=65216
[HOST] Wrote 32 bytes to offset 0xfec0
[2025-08-08T02:39:11Z INFO  dtvmcore_rust::evm::host_functions::account] [HOST] get_call_value completed: value written to offset 65216
[EVM] get_call_value succeeded
[2025-08-08T02:39:11Z INFO  dtvmcore_rust::evm::host_functions::storage] [HOST] storage_load called: key_offset=65408, result_offset=65376
Storage load: key=0x0000000000000000000000000000000000000000000000000000000000000003 (normalized: 0x0000000000000000000000000000000000000000000000000000000000000003), value=00000000000000000000000000000000000000000000000000000000000f4240
[2025-08-08T02:39:11Z INFO  dtvmcore_rust::evm::host_functions::storage] [HOST]     📤 Loaded value: 0x00000000000000000000000000000000000000000000000000000000000f4240
[HOST] Wrote 32 bytes to offset 0xff60
[2025-08-08T02:39:11Z INFO  dtvmcore_rust::evm::host_functions::storage] [HOST] Storage load completed: key=0x0000000000000000000000000000000000000000000000000000000000000003, value_len=32
[EVM] storage_load succeeded
[2025-08-08T02:39:11Z INFO  dtvmcore_rust::evm::host_functions::control] [HOST] finish called: data_offset=131168, length=32
[2025-08-08T02:39:11Z INFO  dtvmcore_rust::evm::host_functions::control] [HOST] finish: execution completed successfully with 32 bytes of return data
Set return data: 32 bytes
[2025-08-08T02:39:11Z INFO  dtvmcore_rust::evm::host_functions::control] [HOST] finish: return data stored in context, hex: 0x00000000000000000000000000000000000000000000000000000000000f4240
[2025-08-08T02:39:11Z INFO  dtvmcore_rust::evm::host_functions::control] [HOST] finish: execution completed successfully, exiting with code 0
[EVM] finish succeeded
✓ 函数执行成功
   ✅ 返回数据: 00000000000000000000000000000000000000000000000000000000000f4240
✓ TotalSupply function executed successfully
   ✅ Return data: 0x00000000000000000000000000000000000000000000000000000000000f4240
--- Test 6: Get Owner Balance ---
Setting call data: length=36, data=70a082310000000000000000000000000000000000000000000000000000000000000001
   📋 Set call data with function selector: 0x70a08231 and address: 0x0000000000000000000000000000000000000001
[2025-08-08T02:39:11Z INFO  dtvmcore_rust::evm::host_functions::transaction] [HOST] get_call_data_size called, returning: 36
[EVM] get_call_data_size returned: 36
[2025-08-08T02:39:11Z INFO  dtvmcore_rust::evm::host_functions::transaction] [HOST] call_data_copy called: result_offset=66208, data_offset=0, length=36
[HOST] Wrote 36 bytes to offset 0x102a0
[2025-08-08T02:39:11Z INFO  dtvmcore_rust::evm::host_functions::transaction] [HOST] call_data_copy completed: wrote 36 bytes to memory (copied 36 bytes from call data, 0 bytes zero-filled)
[EVM] call_data_copy succeeded
[2025-08-08T02:39:11Z INFO  dtvmcore_rust::evm::host_functions::account] [HOST] get_call_value called: result_offset=65024
[HOST] Wrote 32 bytes to offset 0xfe00
[2025-08-08T02:39:11Z INFO  dtvmcore_rust::evm::host_functions::account] [HOST] get_call_value completed: value written to offset 65024
[EVM] get_call_value succeeded
[2025-08-08T02:39:11Z INFO  dtvmcore_rust::evm::host_functions::crypto] [HOST] keccak256 called: input_offset=131072, input_length=64, result_offset=65120
[2025-08-08T02:39:11Z INFO  dtvmcore_rust::evm::host_functions::crypto] [HOST] keccak256 input data: 0x00000000000000000000000000000000000000000000000000000000000000010000000000000000000000000000000000000000000000000000000000000004
[2025-08-08T02:39:11Z INFO  dtvmcore_rust::evm::host_functions::crypto] [HOST] keccak256 result: 0xabd6e7cb50984ff9c2f3e18a2660c3353dadf4e3291deeb275dae2cd1e44fe05
[HOST] Wrote 32 bytes to offset 0xfe60
[2025-08-08T02:39:11Z INFO  dtvmcore_rust::evm::host_functions::crypto] [HOST] keccak256 completed: processed 64 bytes, hash written to offset 65120
[EVM] keccak256 succeeded
[2025-08-08T02:39:11Z INFO  dtvmcore_rust::evm::host_functions::storage] [HOST] storage_load called: key_offset=65088, result_offset=65056
Storage load: key=0xabd6e7cb50984ff9c2f3e18a2660c3353dadf4e3291deeb275dae2cd1e44fe05 (normalized: 0xabd6e7cb50984ff9c2f3e18a2660c3353dadf4e3291deeb275dae2cd1e44fe05), value=<zero>
[2025-08-08T02:39:11Z INFO  dtvmcore_rust::evm::host_functions::storage] [HOST]     📤 Loaded value: 0x0000000000000000000000000000000000000000000000000000000000000000
[HOST] Wrote 32 bytes to offset 0xfe20
[2025-08-08T02:39:11Z INFO  dtvmcore_rust::evm::host_functions::storage] [HOST] Storage load completed: key=0xabd6e7cb50984ff9c2f3e18a2660c3353dadf4e3291deeb275dae2cd1e44fe05, value_len=32
[EVM] storage_load succeeded
[2025-08-08T02:39:11Z INFO  dtvmcore_rust::evm::host_functions::control] [HOST] finish called: data_offset=131168, length=32
[2025-08-08T02:39:11Z INFO  dtvmcore_rust::evm::host_functions::control] [HOST] finish: execution completed successfully with 32 bytes of return data
Set return data: 32 bytes
[2025-08-08T02:39:11Z INFO  dtvmcore_rust::evm::host_functions::control] [HOST] finish: return data stored in context, hex: 0x0000000000000000000000000000000000000000000000000000000000000000
[2025-08-08T02:39:11Z INFO  dtvmcore_rust::evm::host_functions::control] [HOST] finish: execution completed successfully, exiting with code 0
[EVM] finish succeeded
✓ 函数执行成功
   ✅ 返回数据: 0000000000000000000000000000000000000000000000000000000000000000
✓ BalanceOf function executed successfully
   ✅ Owner balance: 0x0000000000000000000000000000000000000000000000000000000000000000
--- Test 7: Mint Tokens to Recipient ---
Setting call data: length=68, data=40c10f1900000000000000000000000000000000000000000000000000000000000000020000000000000000000000000000000000000000000000000000000000001388
   📋 Set call data with function selector: 0x40c10f19, address: 0x0000000000000000000000000000000000000002, amount: 5000
[2025-08-08T02:39:11Z INFO  dtvmcore_rust::evm::host_functions::transaction] [HOST] get_call_data_size called, returning: 68
[EVM] get_call_data_size returned: 68
[2025-08-08T02:39:11Z INFO  dtvmcore_rust::evm::host_functions::transaction] [HOST] call_data_copy called: result_offset=66208, data_offset=0, length=68
[HOST] Wrote 68 bytes to offset 0x102a0
[2025-08-08T02:39:11Z INFO  dtvmcore_rust::evm::host_functions::transaction] [HOST] call_data_copy completed: wrote 68 bytes to memory (copied 68 bytes from call data, 0 bytes zero-filled)
[EVM] call_data_copy succeeded
[2025-08-08T02:39:11Z INFO  dtvmcore_rust::evm::host_functions::account] [HOST] get_call_value called: result_offset=65024
[HOST] Wrote 32 bytes to offset 0xfe00
[2025-08-08T02:39:11Z INFO  dtvmcore_rust::evm::host_functions::account] [HOST] get_call_value completed: value written to offset 65024
[EVM] get_call_value succeeded
[2025-08-08T02:39:11Z INFO  dtvmcore_rust::evm::host_functions::storage] [HOST] storage_load called: key_offset=64608, result_offset=64576
Storage load: key=0x0000000000000000000000000000000000000000000000000000000000000003 (normalized: 0x0000000000000000000000000000000000000000000000000000000000000003), value=00000000000000000000000000000000000000000000000000000000000f4240
[2025-08-08T02:39:11Z INFO  dtvmcore_rust::evm::host_functions::storage] [HOST]     📤 Loaded value: 0x00000000000000000000000000000000000000000000000000000000000f4240
[HOST] Wrote 32 bytes to offset 0xfc40
[2025-08-08T02:39:11Z INFO  dtvmcore_rust::evm::host_functions::storage] [HOST] Storage load completed: key=0x0000000000000000000000000000000000000000000000000000000000000003, value_len=32
[EVM] storage_load succeeded
[2025-08-08T02:39:11Z INFO  dtvmcore_rust::evm::host_functions::storage] [HOST] storage_load called: key_offset=64736, result_offset=64704
Storage load: key=0x0000000000000000000000000000000000000000000000000000000000000003 (normalized: 0x0000000000000000000000000000000000000000000000000000000000000003), value=00000000000000000000000000000000000000000000000000000000000f4240
[2025-08-08T02:39:11Z INFO  dtvmcore_rust::evm::host_functions::storage] [HOST]     📤 Loaded value: 0x00000000000000000000000000000000000000000000000000000000000f4240
[HOST] Wrote 32 bytes to offset 0xfcc0
[2025-08-08T02:39:11Z INFO  dtvmcore_rust::evm::host_functions::storage] [HOST] Storage load completed: key=0x0000000000000000000000000000000000000000000000000000000000000003, value_len=32
[EVM] storage_load succeeded
[2025-08-08T02:39:11Z INFO  dtvmcore_rust::evm::host_functions::storage] [HOST] storage_store called: key_offset=64672, value_offset=64640
Storage store (bytes32): key=0x0000000000000000000000000000000000000000000000000000000000000003 (normalized: 0x0000000000000000000000000000000000000000000000000000000000000003), value=00000000000000000000000000000000000000000000000000000000000f55c8
[2025-08-08T02:39:11Z INFO  dtvmcore_rust::evm::host_functions::storage] [HOST]     📦 Stored value: 0x00000000000000000000000000000000000000000000000000000000000f55c8
[2025-08-08T02:39:11Z INFO  dtvmcore_rust::evm::host_functions::storage] [HOST] Storage store completed: key=0x0000000000000000000000000000000000000000000000000000000000000003, value_len=32
[EVM] storage_store succeeded
[2025-08-08T02:39:11Z INFO  dtvmcore_rust::evm::host_functions::crypto] [HOST] keccak256 called: input_offset=131072, input_length=64, result_offset=64832
[2025-08-08T02:39:11Z INFO  dtvmcore_rust::evm::host_functions::crypto] [HOST] keccak256 input data: 0x00000000000000000000000000000000000000000000000000000000000000020000000000000000000000000000000000000000000000000000000000000004
[2025-08-08T02:39:11Z INFO  dtvmcore_rust::evm::host_functions::crypto] [HOST] keccak256 result: 0x91da3fd0782e51c6b3986e9e672fd566868e71f3dbc2d6c2cd6fbb3e361af2a7
[HOST] Wrote 32 bytes to offset 0xfd40
[2025-08-08T02:39:11Z INFO  dtvmcore_rust::evm::host_functions::crypto] [HOST] keccak256 completed: processed 64 bytes, hash written to offset 64832
[EVM] keccak256 succeeded
[2025-08-08T02:39:11Z INFO  dtvmcore_rust::evm::host_functions::storage] [HOST] storage_load called: key_offset=64608, result_offset=64576
Storage load: key=0x91da3fd0782e51c6b3986e9e672fd566868e71f3dbc2d6c2cd6fbb3e361af2a7 (normalized: 0x91da3fd0782e51c6b3986e9e672fd566868e71f3dbc2d6c2cd6fbb3e361af2a7), value=<zero>
[2025-08-08T02:39:11Z INFO  dtvmcore_rust::evm::host_functions::storage] [HOST]     📤 Loaded value: 0x0000000000000000000000000000000000000000000000000000000000000000
[HOST] Wrote 32 bytes to offset 0xfc40
[2025-08-08T02:39:11Z INFO  dtvmcore_rust::evm::host_functions::storage] [HOST] Storage load completed: key=0x91da3fd0782e51c6b3986e9e672fd566868e71f3dbc2d6c2cd6fbb3e361af2a7, value_len=32
[EVM] storage_load succeeded
[2025-08-08T02:39:11Z INFO  dtvmcore_rust::evm::host_functions::storage] [HOST] storage_load called: key_offset=64736, result_offset=64704
Storage load: key=0x91da3fd0782e51c6b3986e9e672fd566868e71f3dbc2d6c2cd6fbb3e361af2a7 (normalized: 0x91da3fd0782e51c6b3986e9e672fd566868e71f3dbc2d6c2cd6fbb3e361af2a7), value=<zero>
[2025-08-08T02:39:11Z INFO  dtvmcore_rust::evm::host_functions::storage] [HOST]     📤 Loaded value: 0x0000000000000000000000000000000000000000000000000000000000000000
[HOST] Wrote 32 bytes to offset 0xfcc0
[2025-08-08T02:39:11Z INFO  dtvmcore_rust::evm::host_functions::storage] [HOST] Storage load completed: key=0x91da3fd0782e51c6b3986e9e672fd566868e71f3dbc2d6c2cd6fbb3e361af2a7, value_len=32
[EVM] storage_load succeeded
[2025-08-08T02:39:11Z INFO  dtvmcore_rust::evm::host_functions::storage] [HOST] storage_store called: key_offset=64672, value_offset=64640
Storage store (bytes32): key=0x91da3fd0782e51c6b3986e9e672fd566868e71f3dbc2d6c2cd6fbb3e361af2a7 (normalized: 0x91da3fd0782e51c6b3986e9e672fd566868e71f3dbc2d6c2cd6fbb3e361af2a7), value=0000000000000000000000000000000000000000000000000000000000001388
[2025-08-08T02:39:11Z INFO  dtvmcore_rust::evm::host_functions::storage] [HOST]     📦 Stored value: 0x0000000000000000000000000000000000000000000000000000000000001388
[2025-08-08T02:39:11Z INFO  dtvmcore_rust::evm::host_functions::storage] [HOST] Storage store completed: key=0x91da3fd0782e51c6b3986e9e672fd566868e71f3dbc2d6c2cd6fbb3e361af2a7, value_len=32
[EVM] storage_store succeeded
[2025-08-08T02:39:11Z INFO  dtvmcore_rust::evm::host_functions::log] [HOST] emit_log_event called: data_offset=131168, length=32, num_topics=2, topics=[65872, 64512, 0, 0]
Emitted event #2: contract=0x0500000000000000000000000000000000000000, topics=2, data_len=32
[2025-08-08T02:39:11Z INFO  dtvmcore_rust::evm::host_functions::log] [HOST] === LOG EVENT EMITTED ===
[2025-08-08T02:39:11Z INFO  dtvmcore_rust::evm::host_functions::log] [HOST] Contract Address: 0x0500000000000000000000000000000000000000
[2025-08-08T02:39:11Z INFO  dtvmcore_rust::evm::host_functions::log] [HOST] Data (32 bytes): 0x0000000000000000000000000000000000000000000000000000000000001388
[2025-08-08T02:39:11Z INFO  dtvmcore_rust::evm::host_functions::log] [HOST] Number of Topics: 2
[2025-08-08T02:39:11Z INFO  dtvmcore_rust::evm::host_functions::log] [HOST] Topic 1: 0x0f6798a560793a54c3bcfe86a93cde1e73087d944c0ea20544137d4121396885
[2025-08-08T02:39:11Z INFO  dtvmcore_rust::evm::host_functions::log] [HOST] Topic 2: 0x0000000000000000000000000000000000000000000000000000000000000002
[2025-08-08T02:39:11Z INFO  dtvmcore_rust::evm::host_functions::log] [HOST] ========================
[2025-08-08T02:39:11Z INFO  dtvmcore_rust::evm::host_functions::log] [HOST] emit_log_event completed: emitted log with 32 bytes of data and 2 topics, total events: 2
[EVM] emit_log_event succeeded
[2025-08-08T02:39:11Z INFO  dtvmcore_rust::evm::host_functions::log] [HOST] emit_log_event called: data_offset=131168, length=32, num_topics=3, topics=[65904, 64448, 64384, 0]
Emitted event #3: contract=0x0500000000000000000000000000000000000000, topics=3, data_len=32
[2025-08-08T02:39:11Z INFO  dtvmcore_rust::evm::host_functions::log] [HOST] === LOG EVENT EMITTED ===
[2025-08-08T02:39:11Z INFO  dtvmcore_rust::evm::host_functions::log] [HOST] Contract Address: 0x0500000000000000000000000000000000000000
[2025-08-08T02:39:11Z INFO  dtvmcore_rust::evm::host_functions::log] [HOST] Data (32 bytes): 0x0000000000000000000000000000000000000000000000000000000000001388
[2025-08-08T02:39:11Z INFO  dtvmcore_rust::evm::host_functions::log] [HOST] Number of Topics: 3
[2025-08-08T02:39:11Z INFO  dtvmcore_rust::evm::host_functions::log] [HOST] Topic 1: 0xddf252ad1be2c89b69c2b068fc378daa952ba7f163c4a11628f55a4df523b3ef
[2025-08-08T02:39:11Z INFO  dtvmcore_rust::evm::host_functions::log] [HOST] Topic 2: 0x0000000000000000000000000000000000000000000000000000000000000000
[2025-08-08T02:39:11Z INFO  dtvmcore_rust::evm::host_functions::log] [HOST] Topic 3: 0x0000000000000000000000000000000000000000000000000000000000000002
[2025-08-08T02:39:11Z INFO  dtvmcore_rust::evm::host_functions::log] [HOST] ========================
[2025-08-08T02:39:11Z INFO  dtvmcore_rust::evm::host_functions::log] [HOST] emit_log_event completed: emitted log with 32 bytes of data and 3 topics, total events: 3
[EVM] emit_log_event succeeded
[2025-08-08T02:39:11Z INFO  dtvmcore_rust::evm::host_functions::control] [HOST] finish called: data_offset=131168, length=0
[2025-08-08T02:39:11Z INFO  dtvmcore_rust::evm::host_functions::control] [HOST] finish: execution completed successfully with 0 bytes of return data
Set return data: 0 bytes
[2025-08-08T02:39:11Z INFO  dtvmcore_rust::evm::host_functions::control] [HOST] finish: return data stored in context, hex: 0x
[2025-08-08T02:39:11Z INFO  dtvmcore_rust::evm::host_functions::control] [HOST] finish: execution completed successfully, exiting with code 0
[EVM] finish succeeded
✓ 函数执行成功
   ℹ️ 无返回数据
✓ Mint function completed (tokens minted to recipient)
--- Test 8: Get Recipient Balance After Mint ---
Setting call data: length=36, data=70a082310000000000000000000000000000000000000000000000000000000000000002
   📋 Set call data with function selector: 0x70a08231 and address: 0x0000000000000000000000000000000000000002
[2025-08-08T02:39:11Z INFO  dtvmcore_rust::evm::host_functions::transaction] [HOST] get_call_data_size called, returning: 36
[EVM] get_call_data_size returned: 36
[2025-08-08T02:39:11Z INFO  dtvmcore_rust::evm::host_functions::transaction] [HOST] call_data_copy called: result_offset=66208, data_offset=0, length=36
[HOST] Wrote 36 bytes to offset 0x102a0
[2025-08-08T02:39:11Z INFO  dtvmcore_rust::evm::host_functions::transaction] [HOST] call_data_copy completed: wrote 36 bytes to memory (copied 36 bytes from call data, 0 bytes zero-filled)
[EVM] call_data_copy succeeded
[2025-08-08T02:39:11Z INFO  dtvmcore_rust::evm::host_functions::account] [HOST] get_call_value called: result_offset=65024
[HOST] Wrote 32 bytes to offset 0xfe00
[2025-08-08T02:39:11Z INFO  dtvmcore_rust::evm::host_functions::account] [HOST] get_call_value completed: value written to offset 65024
[EVM] get_call_value succeeded
[2025-08-08T02:39:11Z INFO  dtvmcore_rust::evm::host_functions::crypto] [HOST] keccak256 called: input_offset=131072, input_length=64, result_offset=65120
[2025-08-08T02:39:11Z INFO  dtvmcore_rust::evm::host_functions::crypto] [HOST] keccak256 input data: 0x00000000000000000000000000000000000000000000000000000000000000020000000000000000000000000000000000000000000000000000000000000004
[2025-08-08T02:39:11Z INFO  dtvmcore_rust::evm::host_functions::crypto] [HOST] keccak256 result: 0x91da3fd0782e51c6b3986e9e672fd566868e71f3dbc2d6c2cd6fbb3e361af2a7
[HOST] Wrote 32 bytes to offset 0xfe60
[2025-08-08T02:39:11Z INFO  dtvmcore_rust::evm::host_functions::crypto] [HOST] keccak256 completed: processed 64 bytes, hash written to offset 65120
[EVM] keccak256 succeeded
[2025-08-08T02:39:11Z INFO  dtvmcore_rust::evm::host_functions::storage] [HOST] storage_load called: key_offset=65088, result_offset=65056
Storage load: key=0x91da3fd0782e51c6b3986e9e672fd566868e71f3dbc2d6c2cd6fbb3e361af2a7 (normalized: 0x91da3fd0782e51c6b3986e9e672fd566868e71f3dbc2d6c2cd6fbb3e361af2a7), value=0000000000000000000000000000000000000000000000000000000000001388
[2025-08-08T02:39:11Z INFO  dtvmcore_rust::evm::host_functions::storage] [HOST]     📤 Loaded value: 0x0000000000000000000000000000000000000000000000000000000000001388
[HOST] Wrote 32 bytes to offset 0xfe20
[2025-08-08T02:39:11Z INFO  dtvmcore_rust::evm::host_functions::storage] [HOST] Storage load completed: key=0x91da3fd0782e51c6b3986e9e672fd566868e71f3dbc2d6c2cd6fbb3e361af2a7, value_len=32
[EVM] storage_load succeeded
[2025-08-08T02:39:11Z INFO  dtvmcore_rust::evm::host_functions::control] [HOST] finish called: data_offset=131168, length=32
[2025-08-08T02:39:11Z INFO  dtvmcore_rust::evm::host_functions::control] [HOST] finish: execution completed successfully with 32 bytes of return data
Set return data: 32 bytes
[2025-08-08T02:39:11Z INFO  dtvmcore_rust::evm::host_functions::control] [HOST] finish: return data stored in context, hex: 0x0000000000000000000000000000000000000000000000000000000000001388
[2025-08-08T02:39:11Z INFO  dtvmcore_rust::evm::host_functions::control] [HOST] finish: execution completed successfully, exiting with code 0
[EVM] finish succeeded
✓ 函数执行成功
   ✅ 返回数据: 0000000000000000000000000000000000000000000000000000000000001388
✓ BalanceOf function executed successfully
   ✅ Recipient balance: 0x0000000000000000000000000000000000000000000000000000000000001388
--- Test 9: Transfer Tokens from Owner to Spender ---
Setting call data: length=68, data=a9059cbb000000000000000000000000000000000000000000000000000000000000000300000000000000000000000000000000000000000000000000000000000003e8
   📋 Set call data with function selector: 0xa9059cbb, address: 0x0000000000000000000000000000000000000003, amount: 1000
[2025-08-08T02:39:11Z INFO  dtvmcore_rust::evm::host_functions::transaction] [HOST] get_call_data_size called, returning: 68
[EVM] get_call_data_size returned: 68
[2025-08-08T02:39:11Z INFO  dtvmcore_rust::evm::host_functions::transaction] [HOST] call_data_copy called: result_offset=66208, data_offset=0, length=68
[HOST] Wrote 68 bytes to offset 0x102a0
[2025-08-08T02:39:11Z INFO  dtvmcore_rust::evm::host_functions::transaction] [HOST] call_data_copy completed: wrote 68 bytes to memory (copied 68 bytes from call data, 0 bytes zero-filled)
[EVM] call_data_copy succeeded
[2025-08-08T02:39:11Z INFO  dtvmcore_rust::evm::host_functions::account] [HOST] get_call_value called: result_offset=64992
[HOST] Wrote 32 bytes to offset 0xfde0
[2025-08-08T02:39:11Z INFO  dtvmcore_rust::evm::host_functions::account] [HOST] get_call_value completed: value written to offset 64992
[EVM] get_call_value succeeded
[2025-08-08T02:39:11Z INFO  dtvmcore_rust::evm::host_functions::account] [HOST] get_caller called: result_offset=64524
[HOST] Wrote 20 bytes to offset 0xfc0c
[2025-08-08T02:39:11Z INFO  dtvmcore_rust::evm::host_functions::account] [HOST] get_caller completed: address written to offset 64524
[EVM] get_caller succeeded
[2025-08-08T02:39:11Z INFO  dtvmcore_rust::evm::host_functions::crypto] [HOST] keccak256 called: input_offset=131072, input_length=64, result_offset=64608
[2025-08-08T02:39:11Z INFO  dtvmcore_rust::evm::host_functions::crypto] [HOST] keccak256 input data: 0x00000000000000000000000004000000000000000000000000000000000000000000000000000000000000000000000000000000000000000000000000000004
[2025-08-08T02:39:11Z INFO  dtvmcore_rust::evm::host_functions::crypto] [HOST] keccak256 result: 0xc16347ff048a259c108a5c1da4cd547bc6d7111fb799427b796b8ffaaa704ff9
[HOST] Wrote 32 bytes to offset 0xfc60
[2025-08-08T02:39:11Z INFO  dtvmcore_rust::evm::host_functions::crypto] [HOST] keccak256 completed: processed 64 bytes, hash written to offset 64608
[EVM] keccak256 succeeded
[2025-08-08T02:39:11Z INFO  dtvmcore_rust::evm::host_functions::storage] [HOST] storage_load called: key_offset=64576, result_offset=64544
Storage load: key=0xc16347ff048a259c108a5c1da4cd547bc6d7111fb799427b796b8ffaaa704ff9 (normalized: 0xc16347ff048a259c108a5c1da4cd547bc6d7111fb799427b796b8ffaaa704ff9), value=00000000000000000000000000000000000000000000000000000000000f4240
[2025-08-08T02:39:11Z INFO  dtvmcore_rust::evm::host_functions::storage] [HOST]     📤 Loaded value: 0x00000000000000000000000000000000000000000000000000000000000f4240
[HOST] Wrote 32 bytes to offset 0xfc20
[2025-08-08T02:39:11Z INFO  dtvmcore_rust::evm::host_functions::storage] [HOST] Storage load completed: key=0xc16347ff048a259c108a5c1da4cd547bc6d7111fb799427b796b8ffaaa704ff9, value_len=32
[EVM] storage_load succeeded
[2025-08-08T02:39:11Z INFO  dtvmcore_rust::evm::host_functions::account] [HOST] get_caller called: result_offset=64492
[HOST] Wrote 20 bytes to offset 0xfbec
[2025-08-08T02:39:11Z INFO  dtvmcore_rust::evm::host_functions::account] [HOST] get_caller completed: address written to offset 64492
[EVM] get_caller succeeded
[2025-08-08T02:39:11Z INFO  dtvmcore_rust::evm::host_functions::crypto] [HOST] keccak256 called: input_offset=131072, input_length=64, result_offset=64608
[2025-08-08T02:39:11Z INFO  dtvmcore_rust::evm::host_functions::crypto] [HOST] keccak256 input data: 0x00000000000000000000000004000000000000000000000000000000000000000000000000000000000000000000000000000000000000000000000000000004
[2025-08-08T02:39:11Z INFO  dtvmcore_rust::evm::host_functions::crypto] [HOST] keccak256 result: 0xc16347ff048a259c108a5c1da4cd547bc6d7111fb799427b796b8ffaaa704ff9
[HOST] Wrote 32 bytes to offset 0xfc60
[2025-08-08T02:39:11Z INFO  dtvmcore_rust::evm::host_functions::crypto] [HOST] keccak256 completed: processed 64 bytes, hash written to offset 64608
[EVM] keccak256 succeeded
[2025-08-08T02:39:11Z INFO  dtvmcore_rust::evm::host_functions::storage] [HOST] storage_load called: key_offset=64576, result_offset=64544
Storage load: key=0xc16347ff048a259c108a5c1da4cd547bc6d7111fb799427b796b8ffaaa704ff9 (normalized: 0xc16347ff048a259c108a5c1da4cd547bc6d7111fb799427b796b8ffaaa704ff9), value=00000000000000000000000000000000000000000000000000000000000f4240
[2025-08-08T02:39:11Z INFO  dtvmcore_rust::evm::host_functions::storage] [HOST]     📤 Loaded value: 0x00000000000000000000000000000000000000000000000000000000000f4240
[HOST] Wrote 32 bytes to offset 0xfc20
[2025-08-08T02:39:11Z INFO  dtvmcore_rust::evm::host_functions::storage] [HOST] Storage load completed: key=0xc16347ff048a259c108a5c1da4cd547bc6d7111fb799427b796b8ffaaa704ff9, value_len=32
[EVM] storage_load succeeded
[2025-08-08T02:39:11Z INFO  dtvmcore_rust::evm::host_functions::storage] [HOST] storage_load called: key_offset=64736, result_offset=64704
Storage load: key=0xc16347ff048a259c108a5c1da4cd547bc6d7111fb799427b796b8ffaaa704ff9 (normalized: 0xc16347ff048a259c108a5c1da4cd547bc6d7111fb799427b796b8ffaaa704ff9), value=00000000000000000000000000000000000000000000000000000000000f4240
[2025-08-08T02:39:11Z INFO  dtvmcore_rust::evm::host_functions::storage] [HOST]     📤 Loaded value: 0x00000000000000000000000000000000000000000000000000000000000f4240
[HOST] Wrote 32 bytes to offset 0xfcc0
[2025-08-08T02:39:11Z INFO  dtvmcore_rust::evm::host_functions::storage] [HOST] Storage load completed: key=0xc16347ff048a259c108a5c1da4cd547bc6d7111fb799427b796b8ffaaa704ff9, value_len=32
[EVM] storage_load succeeded
[2025-08-08T02:39:11Z INFO  dtvmcore_rust::evm::host_functions::storage] [HOST] storage_store called: key_offset=64672, value_offset=64640
Storage store (bytes32): key=0xc16347ff048a259c108a5c1da4cd547bc6d7111fb799427b796b8ffaaa704ff9 (normalized: 0xc16347ff048a259c108a5c1da4cd547bc6d7111fb799427b796b8ffaaa704ff9), value=00000000000000000000000000000000000000000000000000000000000f3e58
[2025-08-08T02:39:11Z INFO  dtvmcore_rust::evm::host_functions::storage] [HOST]     📦 Stored value: 0x00000000000000000000000000000000000000000000000000000000000f3e58
[2025-08-08T02:39:11Z INFO  dtvmcore_rust::evm::host_functions::storage] [HOST] Storage store completed: key=0xc16347ff048a259c108a5c1da4cd547bc6d7111fb799427b796b8ffaaa704ff9, value_len=32
[EVM] storage_store succeeded
[2025-08-08T02:39:11Z INFO  dtvmcore_rust::evm::host_functions::crypto] [HOST] keccak256 called: input_offset=131072, input_length=64, result_offset=64608
[2025-08-08T02:39:11Z INFO  dtvmcore_rust::evm::host_functions::crypto] [HOST] keccak256 input data: 0x00000000000000000000000000000000000000000000000000000000000000030000000000000000000000000000000000000000000000000000000000000004
[2025-08-08T02:39:11Z INFO  dtvmcore_rust::evm::host_functions::crypto] [HOST] keccak256 result: 0x2e174c10e159ea99b867ce3205125c24a42d128804e4070ed6fcc8cc98166aa0
[HOST] Wrote 32 bytes to offset 0xfc60
[2025-08-08T02:39:11Z INFO  dtvmcore_rust::evm::host_functions::crypto] [HOST] keccak256 completed: processed 64 bytes, hash written to offset 64608
[EVM] keccak256 succeeded
[2025-08-08T02:39:11Z INFO  dtvmcore_rust::evm::host_functions::storage] [HOST] storage_load called: key_offset=64576, result_offset=64544
Storage load: key=0x2e174c10e159ea99b867ce3205125c24a42d128804e4070ed6fcc8cc98166aa0 (normalized: 0x2e174c10e159ea99b867ce3205125c24a42d128804e4070ed6fcc8cc98166aa0), value=<zero>
[2025-08-08T02:39:11Z INFO  dtvmcore_rust::evm::host_functions::storage] [HOST]     📤 Loaded value: 0x0000000000000000000000000000000000000000000000000000000000000000
[HOST] Wrote 32 bytes to offset 0xfc20
[2025-08-08T02:39:11Z INFO  dtvmcore_rust::evm::host_functions::storage] [HOST] Storage load completed: key=0x2e174c10e159ea99b867ce3205125c24a42d128804e4070ed6fcc8cc98166aa0, value_len=32
[EVM] storage_load succeeded
[2025-08-08T02:39:11Z INFO  dtvmcore_rust::evm::host_functions::storage] [HOST] storage_load called: key_offset=64736, result_offset=64704
Storage load: key=0x2e174c10e159ea99b867ce3205125c24a42d128804e4070ed6fcc8cc98166aa0 (normalized: 0x2e174c10e159ea99b867ce3205125c24a42d128804e4070ed6fcc8cc98166aa0), value=<zero>
[2025-08-08T02:39:11Z INFO  dtvmcore_rust::evm::host_functions::storage] [HOST]     📤 Loaded value: 0x0000000000000000000000000000000000000000000000000000000000000000
[HOST] Wrote 32 bytes to offset 0xfcc0
[2025-08-08T02:39:11Z INFO  dtvmcore_rust::evm::host_functions::storage] [HOST] Storage load completed: key=0x2e174c10e159ea99b867ce3205125c24a42d128804e4070ed6fcc8cc98166aa0, value_len=32
[EVM] storage_load succeeded
[2025-08-08T02:39:11Z INFO  dtvmcore_rust::evm::host_functions::storage] [HOST] storage_store called: key_offset=64672, value_offset=64640
Storage store (bytes32): key=0x2e174c10e159ea99b867ce3205125c24a42d128804e4070ed6fcc8cc98166aa0 (normalized: 0x2e174c10e159ea99b867ce3205125c24a42d128804e4070ed6fcc8cc98166aa0), value=00000000000000000000000000000000000000000000000000000000000003e8
[2025-08-08T02:39:11Z INFO  dtvmcore_rust::evm::host_functions::storage] [HOST]     📦 Stored value: 0x00000000000000000000000000000000000000000000000000000000000003e8
[2025-08-08T02:39:11Z INFO  dtvmcore_rust::evm::host_functions::storage] [HOST] Storage store completed: key=0x2e174c10e159ea99b867ce3205125c24a42d128804e4070ed6fcc8cc98166aa0, value_len=32
[EVM] storage_store succeeded
[2025-08-08T02:39:11Z INFO  dtvmcore_rust::evm::host_functions::account] [HOST] get_caller called: result_offset=64460
[HOST] Wrote 20 bytes to offset 0xfbcc
[2025-08-08T02:39:11Z INFO  dtvmcore_rust::evm::host_functions::account] [HOST] get_caller completed: address written to offset 64460
[EVM] get_caller succeeded
[2025-08-08T02:39:11Z INFO  dtvmcore_rust::evm::host_functions::log] [HOST] emit_log_event called: data_offset=131168, length=32, num_topics=3, topics=[65936, 64384, 64320, 0]
Emitted event #4: contract=0x0500000000000000000000000000000000000000, topics=3, data_len=32
[2025-08-08T02:39:11Z INFO  dtvmcore_rust::evm::host_functions::log] [HOST] === LOG EVENT EMITTED ===
[2025-08-08T02:39:11Z INFO  dtvmcore_rust::evm::host_functions::log] [HOST] Contract Address: 0x0500000000000000000000000000000000000000
[2025-08-08T02:39:11Z INFO  dtvmcore_rust::evm::host_functions::log] [HOST] Data (32 bytes): 0x00000000000000000000000000000000000000000000000000000000000003e8
[2025-08-08T02:39:11Z INFO  dtvmcore_rust::evm::host_functions::log] [HOST] Number of Topics: 3
[2025-08-08T02:39:11Z INFO  dtvmcore_rust::evm::host_functions::log] [HOST] Topic 1: 0xddf252ad1be2c89b69c2b068fc378daa952ba7f163c4a11628f55a4df523b3ef
[2025-08-08T02:39:11Z INFO  dtvmcore_rust::evm::host_functions::log] [HOST] Topic 2: 0x0000000000000000000000000400000000000000000000000000000000000000
[2025-08-08T02:39:11Z INFO  dtvmcore_rust::evm::host_functions::log] [HOST] Topic 3: 0x0000000000000000000000000000000000000000000000000000000000000003
[2025-08-08T02:39:11Z INFO  dtvmcore_rust::evm::host_functions::log] [HOST] ========================
[2025-08-08T02:39:11Z INFO  dtvmcore_rust::evm::host_functions::log] [HOST] emit_log_event completed: emitted log with 32 bytes of data and 3 topics, total events: 4
[EVM] emit_log_event succeeded
[2025-08-08T02:39:11Z INFO  dtvmcore_rust::evm::host_functions::control] [HOST] finish called: data_offset=131168, length=32
[2025-08-08T02:39:11Z INFO  dtvmcore_rust::evm::host_functions::control] [HOST] finish: execution completed successfully with 32 bytes of return data
Set return data: 32 bytes
[2025-08-08T02:39:11Z INFO  dtvmcore_rust::evm::host_functions::control] [HOST] finish: return data stored in context, hex: 0x0000000000000000000000000000000000000000000000000000000000000001
[2025-08-08T02:39:11Z INFO  dtvmcore_rust::evm::host_functions::control] [HOST] finish: execution completed successfully, exiting with code 0
[EVM] finish succeeded
✓ 函数执行成功
   ✅ 返回数据: 0000000000000000000000000000000000000000000000000000000000000001
✓ Transfer function completed (tokens transferred to spender)
--- Test 10: Get Spender Balance After Transfer ---
Setting call data: length=36, data=70a082310000000000000000000000000000000000000000000000000000000000000003
   📋 Set call data with function selector: 0x70a08231 and address: 0x0000000000000000000000000000000000000003
[2025-08-08T02:39:11Z INFO  dtvmcore_rust::evm::host_functions::transaction] [HOST] get_call_data_size called, returning: 36
[EVM] get_call_data_size returned: 36
[2025-08-08T02:39:11Z INFO  dtvmcore_rust::evm::host_functions::transaction] [HOST] call_data_copy called: result_offset=66208, data_offset=0, length=36
[HOST] Wrote 36 bytes to offset 0x102a0
[2025-08-08T02:39:11Z INFO  dtvmcore_rust::evm::host_functions::transaction] [HOST] call_data_copy completed: wrote 36 bytes to memory (copied 36 bytes from call data, 0 bytes zero-filled)
[EVM] call_data_copy succeeded
[2025-08-08T02:39:11Z INFO  dtvmcore_rust::evm::host_functions::account] [HOST] get_call_value called: result_offset=65024
[HOST] Wrote 32 bytes to offset 0xfe00
[2025-08-08T02:39:11Z INFO  dtvmcore_rust::evm::host_functions::account] [HOST] get_call_value completed: value written to offset 65024
[EVM] get_call_value succeeded
[2025-08-08T02:39:11Z INFO  dtvmcore_rust::evm::host_functions::crypto] [HOST] keccak256 called: input_offset=131072, input_length=64, result_offset=65120
[2025-08-08T02:39:11Z INFO  dtvmcore_rust::evm::host_functions::crypto] [HOST] keccak256 input data: 0x00000000000000000000000000000000000000000000000000000000000000030000000000000000000000000000000000000000000000000000000000000004
[2025-08-08T02:39:11Z INFO  dtvmcore_rust::evm::host_functions::crypto] [HOST] keccak256 result: 0x2e174c10e159ea99b867ce3205125c24a42d128804e4070ed6fcc8cc98166aa0
[HOST] Wrote 32 bytes to offset 0xfe60
[2025-08-08T02:39:11Z INFO  dtvmcore_rust::evm::host_functions::crypto] [HOST] keccak256 completed: processed 64 bytes, hash written to offset 65120
[EVM] keccak256 succeeded
[2025-08-08T02:39:11Z INFO  dtvmcore_rust::evm::host_functions::storage] [HOST] storage_load called: key_offset=65088, result_offset=65056
Storage load: key=0x2e174c10e159ea99b867ce3205125c24a42d128804e4070ed6fcc8cc98166aa0 (normalized: 0x2e174c10e159ea99b867ce3205125c24a42d128804e4070ed6fcc8cc98166aa0), value=00000000000000000000000000000000000000000000000000000000000003e8
[2025-08-08T02:39:11Z INFO  dtvmcore_rust::evm::host_functions::storage] [HOST]     📤 Loaded value: 0x00000000000000000000000000000000000000000000000000000000000003e8
[HOST] Wrote 32 bytes to offset 0xfe20
[2025-08-08T02:39:11Z INFO  dtvmcore_rust::evm::host_functions::storage] [HOST] Storage load completed: key=0x2e174c10e159ea99b867ce3205125c24a42d128804e4070ed6fcc8cc98166aa0, value_len=32
[EVM] storage_load succeeded
[2025-08-08T02:39:11Z INFO  dtvmcore_rust::evm::host_functions::control] [HOST] finish called: data_offset=131168, length=32
[2025-08-08T02:39:11Z INFO  dtvmcore_rust::evm::host_functions::control] [HOST] finish: execution completed successfully with 32 bytes of return data
Set return data: 32 bytes
[2025-08-08T02:39:11Z INFO  dtvmcore_rust::evm::host_functions::control] [HOST] finish: return data stored in context, hex: 0x00000000000000000000000000000000000000000000000000000000000003e8
[2025-08-08T02:39:11Z INFO  dtvmcore_rust::evm::host_functions::control] [HOST] finish: execution completed successfully, exiting with code 0
[EVM] finish succeeded
✓ 函数执行成功
   ✅ 返回数据: 00000000000000000000000000000000000000000000000000000000000003e8
✓ BalanceOf function executed successfully
   ✅ Spender balance: 0x00000000000000000000000000000000000000000000000000000000000003e8
--- Test 11: Check Events ---
✓ Total events emitted: 4
   📋 Event details:
   Event 1: contract=0x0500000000000000000000000000000000000000, topics=3, data_len=32
   Event 2: contract=0x0500000000000000000000000000000000000000, topics=2, data_len=32
   Event 3: contract=0x0500000000000000000000000000000000000000, topics=3, data_len=32
   Event 4: contract=0x0500000000000000000000000000000000000000, topics=3, data_len=32

🚀 SimpleToken contract test suite finished!
